{"uid":"f3c4bbcf9fbffd5e","name":"test_007_find_filename_field","fullName":"tests.test_notepad.TestNotepadAutomation#test_007_find_filename_field","historyId":"61d155ba402ba3fd0a79f67115208e23","time":{"start":1759093760844,"stop":1759093785831,"duration":24987},"description":"TC007: Verify filename input field is accessible in Save As dialog","descriptionHtml":"<p>TC007: Verify filename input field is accessible in Save As dialog</p>\n","status":"broken","statusMessage":"selenium.common.exceptions.TimeoutException: Message: \nStacktrace:\nProxyRequestError: Request failed with status code 404\n    at WADProxy.proxy (C:\\Users\\Teppo\\AppData\\Roaming\\npm\\node_modules\\appium\\node_modules\\@appium\\base-driver\\lib\\jsonwp-proxy\\proxy.js:279:13)\n    at processTicksAndRejections (node:internal/process/task_queues:105:5)\n    at ProtocolConverter.convertAndProxy (C:\\Users\\Teppo\\AppData\\Roaming\\npm\\node_modules\\appium\\node_modules\\@appium\\base-driver\\lib\\jsonwp-proxy\\protocol-converter.js:309:12)\n    at WADProxy.proxyCommand (C:\\Users\\Teppo\\AppData\\Roaming\\npm\\node_modules\\appium\\node_modules\\@appium\\base-driver\\lib\\jsonwp-proxy\\proxy.js:313:12)\n    at WADProxy.proxyCommand (C:\\Users\\Teppo\\.appium\\node_modules\\appium-windows-driver\\lib\\winappdriver.js:51:12)\n    at WADProxy.command (C:\\Users\\Teppo\\AppData\\Roaming\\npm\\node_modules\\appium\\node_modules\\@appium\\base-driver\\lib\\jsonwp-proxy\\proxy.js:327:32)\n    at WinAppDriver.sendCommand (C:\\Users\\Teppo\\.appium\\node_modules\\appium-windows-driver\\lib\\winappdriver.js:350:12)\n    at WindowsDriver.findElOrEls (C:\\Users\\Teppo\\.appium\\node_modules\\appium-windows-driver\\lib\\commands\\find.js:15:10)\n    at WindowsDriver.findElOrElsWithProcessing (C:\\Users\\Teppo\\AppData\\Roaming\\npm\\node_modules\\appium\\node_modules\\@appium\\base-driver\\lib\\basedriver\\commands\\find.ts:60:12)\n    at WindowsDriver.findElement (C:\\Users\\Teppo\\AppData\\Roaming\\npm\\node_modules\\appium\\node_modules\\@appium\\base-driver\\lib\\basedriver\\commands\\find.ts:75:12)","statusTrace":"self = <test_notepad.TestNotepadAutomation object at 0x000001D15D334270>\n\n    @azure_work_item(37)\n    def test_007_find_filename_field(self):\n        \"\"\"TC007: Verify filename input field is accessible in Save As dialog\"\"\"\n        print(\"TEST 007: Find Filename Field\")\n    \n        # Setup - open Save As dialog\n        assert self.start_notepad(), \"Prerequisite failed: Could not start Notepad\"\n    \n        edit_field = self.get_text_editor()\n        edit_field.send_keys(\"Test content\")\n    \n        file_menu = self.driver.find_element(By.NAME, \"File\")\n        file_menu.click()\n        time.sleep(1)\n    \n        save_as_item = self.driver.find_element(By.XPATH, \"//*[contains(@Name, 'Save As')]\")\n        save_as_item.click()\n        time.sleep(3)\n    \n        assert self.create_desktop_session(), \"Failed to create desktop session\"\n    \n>       save_dialog = WebDriverWait(self.desktop_session, 10).until(\n            EC.presence_of_element_located((By.NAME, \"Save As\"))\n        )\n\ntests\\test_notepad.py:334: \n_ _ _ _ _ _ _ _ _ _ _ _ _ _ _ _ _ _ _ _ _ _ _ _ _ _ _ _ _ _ _ _ _ _ _ _ _ _ _ _\n\nself = <selenium.webdriver.support.wait.WebDriverWait (session=\"1437dd89-123e-49cf-80c8-d527d8209365\")>\nmethod = <function presence_of_element_located.<locals>._predicate at 0x000001D15D468F40>\nmessage = ''\n\n    def until(self, method: Callable[[D], Union[Literal[False], T]], message: str = \"\") -> T:\n        \"\"\"Wait until the method returns a value that is not False.\n    \n        Calls the method provided with the driver as an argument until the\n        return value does not evaluate to ``False``.\n    \n        Parameters:\n        -----------\n        method: callable(WebDriver)\n            - A callable object that takes a WebDriver instance as an argument.\n    \n        message: str\n            - Optional message for :exc:`TimeoutException`\n    \n        Return:\n        -------\n        object: T\n            - The result of the last call to `method`\n    \n        Raises:\n        -------\n        TimeoutException\n            - If 'method' does not return a truthy value within the WebDriverWait\n            object's timeout\n    \n        Example:\n        --------\n        >>> from selenium.webdriver.common.by import By\n        >>> from selenium.webdriver.support.ui import WebDriverWait\n        >>> from selenium.webdriver.support import expected_conditions as EC\n    \n        # Wait until an element is visible on the page\n        >>> wait = WebDriverWait(driver, 10)\n        >>> element = wait.until(EC.visibility_of_element_located((By.ID, \"exampleId\")))\n        >>> print(element.text)\n        \"\"\"\n        screen = None\n        stacktrace = None\n    \n        end_time = time.monotonic() + self._timeout\n        while True:\n            try:\n                value = method(self._driver)\n                if value:\n                    return value\n            except self._ignored_exceptions as exc:\n                screen = getattr(exc, \"screen\", None)\n                stacktrace = getattr(exc, \"stacktrace\", None)\n            if time.monotonic() > end_time:\n                break\n            time.sleep(self._poll)\n>       raise TimeoutException(message, screen, stacktrace)\nE       selenium.common.exceptions.TimeoutException: Message: \nE       Stacktrace:\nE       ProxyRequestError: Request failed with status code 404\nE           at WADProxy.proxy (C:\\Users\\Teppo\\AppData\\Roaming\\npm\\node_modules\\appium\\node_modules\\@appium\\base-driver\\lib\\jsonwp-proxy\\proxy.js:279:13)\nE           at processTicksAndRejections (node:internal/process/task_queues:105:5)\nE           at ProtocolConverter.convertAndProxy (C:\\Users\\Teppo\\AppData\\Roaming\\npm\\node_modules\\appium\\node_modules\\@appium\\base-driver\\lib\\jsonwp-proxy\\protocol-converter.js:309:12)\nE           at WADProxy.proxyCommand (C:\\Users\\Teppo\\AppData\\Roaming\\npm\\node_modules\\appium\\node_modules\\@appium\\base-driver\\lib\\jsonwp-proxy\\proxy.js:313:12)\nE           at WADProxy.proxyCommand (C:\\Users\\Teppo\\.appium\\node_modules\\appium-windows-driver\\lib\\winappdriver.js:51:12)\nE           at WADProxy.command (C:\\Users\\Teppo\\AppData\\Roaming\\npm\\node_modules\\appium\\node_modules\\@appium\\base-driver\\lib\\jsonwp-proxy\\proxy.js:327:32)\nE           at WinAppDriver.sendCommand (C:\\Users\\Teppo\\.appium\\node_modules\\appium-windows-driver\\lib\\winappdriver.js:350:12)\nE           at WindowsDriver.findElOrEls (C:\\Users\\Teppo\\.appium\\node_modules\\appium-windows-driver\\lib\\commands\\find.js:15:10)\nE           at WindowsDriver.findElOrElsWithProcessing (C:\\Users\\Teppo\\AppData\\Roaming\\npm\\node_modules\\appium\\node_modules\\@appium\\base-driver\\lib\\basedriver\\commands\\find.ts:60:12)\nE           at WindowsDriver.findElement (C:\\Users\\Teppo\\AppData\\Roaming\\npm\\node_modules\\appium\\node_modules\\@appium\\base-driver\\lib\\basedriver\\commands\\find.ts:75:12)\n\nC:\\Users\\Teppo\\AppData\\Local\\Programs\\Python\\Python313\\Lib\\site-packages\\selenium\\webdriver\\support\\wait.py:138: TimeoutException","flaky":false,"newFailed":false,"newBroken":false,"newPassed":false,"retriesCount":0,"retriesStatusChange":false,"beforeStages":[{"name":"_xunit_setup_method_fixture_TestNotepadAutomation","time":{"start":1759093760844,"stop":1759093760844,"duration":0},"status":"passed","steps":[],"attachments":[],"parameters":[],"hasContent":false,"shouldDisplayMessage":false,"attachmentsCount":0,"stepsCount":0,"attachmentStep":false}],"testStage":{"description":"TC007: Verify filename input field is accessible in Save As dialog","status":"broken","statusMessage":"selenium.common.exceptions.TimeoutException: Message: \nStacktrace:\nProxyRequestError: Request failed with status code 404\n    at WADProxy.proxy (C:\\Users\\Teppo\\AppData\\Roaming\\npm\\node_modules\\appium\\node_modules\\@appium\\base-driver\\lib\\jsonwp-proxy\\proxy.js:279:13)\n    at processTicksAndRejections (node:internal/process/task_queues:105:5)\n    at ProtocolConverter.convertAndProxy (C:\\Users\\Teppo\\AppData\\Roaming\\npm\\node_modules\\appium\\node_modules\\@appium\\base-driver\\lib\\jsonwp-proxy\\protocol-converter.js:309:12)\n    at WADProxy.proxyCommand (C:\\Users\\Teppo\\AppData\\Roaming\\npm\\node_modules\\appium\\node_modules\\@appium\\base-driver\\lib\\jsonwp-proxy\\proxy.js:313:12)\n    at WADProxy.proxyCommand (C:\\Users\\Teppo\\.appium\\node_modules\\appium-windows-driver\\lib\\winappdriver.js:51:12)\n    at WADProxy.command (C:\\Users\\Teppo\\AppData\\Roaming\\npm\\node_modules\\appium\\node_modules\\@appium\\base-driver\\lib\\jsonwp-proxy\\proxy.js:327:32)\n    at WinAppDriver.sendCommand (C:\\Users\\Teppo\\.appium\\node_modules\\appium-windows-driver\\lib\\winappdriver.js:350:12)\n    at WindowsDriver.findElOrEls (C:\\Users\\Teppo\\.appium\\node_modules\\appium-windows-driver\\lib\\commands\\find.js:15:10)\n    at WindowsDriver.findElOrElsWithProcessing (C:\\Users\\Teppo\\AppData\\Roaming\\npm\\node_modules\\appium\\node_modules\\@appium\\base-driver\\lib\\basedriver\\commands\\find.ts:60:12)\n    at WindowsDriver.findElement (C:\\Users\\Teppo\\AppData\\Roaming\\npm\\node_modules\\appium\\node_modules\\@appium\\base-driver\\lib\\basedriver\\commands\\find.ts:75:12)","statusTrace":"self = <test_notepad.TestNotepadAutomation object at 0x000001D15D334270>\n\n    @azure_work_item(37)\n    def test_007_find_filename_field(self):\n        \"\"\"TC007: Verify filename input field is accessible in Save As dialog\"\"\"\n        print(\"TEST 007: Find Filename Field\")\n    \n        # Setup - open Save As dialog\n        assert self.start_notepad(), \"Prerequisite failed: Could not start Notepad\"\n    \n        edit_field = self.get_text_editor()\n        edit_field.send_keys(\"Test content\")\n    \n        file_menu = self.driver.find_element(By.NAME, \"File\")\n        file_menu.click()\n        time.sleep(1)\n    \n        save_as_item = self.driver.find_element(By.XPATH, \"//*[contains(@Name, 'Save As')]\")\n        save_as_item.click()\n        time.sleep(3)\n    \n        assert self.create_desktop_session(), \"Failed to create desktop session\"\n    \n>       save_dialog = WebDriverWait(self.desktop_session, 10).until(\n            EC.presence_of_element_located((By.NAME, \"Save As\"))\n        )\n\ntests\\test_notepad.py:334: \n_ _ _ _ _ _ _ _ _ _ _ _ _ _ _ _ _ _ _ _ _ _ _ _ _ _ _ _ _ _ _ _ _ _ _ _ _ _ _ _\n\nself = <selenium.webdriver.support.wait.WebDriverWait (session=\"1437dd89-123e-49cf-80c8-d527d8209365\")>\nmethod = <function presence_of_element_located.<locals>._predicate at 0x000001D15D468F40>\nmessage = ''\n\n    def until(self, method: Callable[[D], Union[Literal[False], T]], message: str = \"\") -> T:\n        \"\"\"Wait until the method returns a value that is not False.\n    \n        Calls the method provided with the driver as an argument until the\n        return value does not evaluate to ``False``.\n    \n        Parameters:\n        -----------\n        method: callable(WebDriver)\n            - A callable object that takes a WebDriver instance as an argument.\n    \n        message: str\n            - Optional message for :exc:`TimeoutException`\n    \n        Return:\n        -------\n        object: T\n            - The result of the last call to `method`\n    \n        Raises:\n        -------\n        TimeoutException\n            - If 'method' does not return a truthy value within the WebDriverWait\n            object's timeout\n    \n        Example:\n        --------\n        >>> from selenium.webdriver.common.by import By\n        >>> from selenium.webdriver.support.ui import WebDriverWait\n        >>> from selenium.webdriver.support import expected_conditions as EC\n    \n        # Wait until an element is visible on the page\n        >>> wait = WebDriverWait(driver, 10)\n        >>> element = wait.until(EC.visibility_of_element_located((By.ID, \"exampleId\")))\n        >>> print(element.text)\n        \"\"\"\n        screen = None\n        stacktrace = None\n    \n        end_time = time.monotonic() + self._timeout\n        while True:\n            try:\n                value = method(self._driver)\n                if value:\n                    return value\n            except self._ignored_exceptions as exc:\n                screen = getattr(exc, \"screen\", None)\n                stacktrace = getattr(exc, \"stacktrace\", None)\n            if time.monotonic() > end_time:\n                break\n            time.sleep(self._poll)\n>       raise TimeoutException(message, screen, stacktrace)\nE       selenium.common.exceptions.TimeoutException: Message: \nE       Stacktrace:\nE       ProxyRequestError: Request failed with status code 404\nE           at WADProxy.proxy (C:\\Users\\Teppo\\AppData\\Roaming\\npm\\node_modules\\appium\\node_modules\\@appium\\base-driver\\lib\\jsonwp-proxy\\proxy.js:279:13)\nE           at processTicksAndRejections (node:internal/process/task_queues:105:5)\nE           at ProtocolConverter.convertAndProxy (C:\\Users\\Teppo\\AppData\\Roaming\\npm\\node_modules\\appium\\node_modules\\@appium\\base-driver\\lib\\jsonwp-proxy\\protocol-converter.js:309:12)\nE           at WADProxy.proxyCommand (C:\\Users\\Teppo\\AppData\\Roaming\\npm\\node_modules\\appium\\node_modules\\@appium\\base-driver\\lib\\jsonwp-proxy\\proxy.js:313:12)\nE           at WADProxy.proxyCommand (C:\\Users\\Teppo\\.appium\\node_modules\\appium-windows-driver\\lib\\winappdriver.js:51:12)\nE           at WADProxy.command (C:\\Users\\Teppo\\AppData\\Roaming\\npm\\node_modules\\appium\\node_modules\\@appium\\base-driver\\lib\\jsonwp-proxy\\proxy.js:327:32)\nE           at WinAppDriver.sendCommand (C:\\Users\\Teppo\\.appium\\node_modules\\appium-windows-driver\\lib\\winappdriver.js:350:12)\nE           at WindowsDriver.findElOrEls (C:\\Users\\Teppo\\.appium\\node_modules\\appium-windows-driver\\lib\\commands\\find.js:15:10)\nE           at WindowsDriver.findElOrElsWithProcessing (C:\\Users\\Teppo\\AppData\\Roaming\\npm\\node_modules\\appium\\node_modules\\@appium\\base-driver\\lib\\basedriver\\commands\\find.ts:60:12)\nE           at WindowsDriver.findElement (C:\\Users\\Teppo\\AppData\\Roaming\\npm\\node_modules\\appium\\node_modules\\@appium\\base-driver\\lib\\basedriver\\commands\\find.ts:75:12)\n\nC:\\Users\\Teppo\\AppData\\Local\\Programs\\Python\\Python313\\Lib\\site-packages\\selenium\\webdriver\\support\\wait.py:138: TimeoutException","steps":[],"attachments":[{"uid":"3e29cc6f987fe05d","name":"stdout","source":"3e29cc6f987fe05d.txt","type":"text/plain","size":168}],"parameters":[],"hasContent":true,"shouldDisplayMessage":true,"attachmentsCount":1,"stepsCount":0,"attachmentStep":false},"afterStages":[{"name":"_xunit_setup_method_fixture_TestNotepadAutomation::0","time":{"start":1759093786897,"stop":1759093788042,"duration":1145},"status":"passed","steps":[],"attachments":[],"parameters":[],"hasContent":false,"shouldDisplayMessage":false,"attachmentsCount":0,"stepsCount":0,"attachmentStep":false}],"labels":[{"name":"parentSuite","value":"tests"},{"name":"suite","value":"test_notepad"},{"name":"subSuite","value":"TestNotepadAutomation"},{"name":"host","value":"DESKTOP-0K69VMV"},{"name":"thread","value":"18836-MainThread"},{"name":"framework","value":"pytest"},{"name":"language","value":"cpython3"},{"name":"package","value":"tests.test_notepad"},{"name":"resultFormat","value":"allure2"}],"parameters":[],"links":[],"hidden":false,"retry":false,"extra":{"severity":"normal","retries":[],"categories":[{"name":"Test defects","matchedStatuses":[]}],"tags":[]},"source":"f3c4bbcf9fbffd5e.json","parameterValues":[]}